<?xml version="1.0" encoding="UTF-8"?>
<!-- Generated by org.testng.reporters.JUnitReportReporter -->
<testsuite hostname="Srinivas" name="com.Vizibl.Testcases.ForgetPassword" tests="3" failures="0" timestamp="31 Jan 2018 06:06:56 GMT" time="16.745" errors="0">
  <testcase name="forgotPassword" time="7.659" classname="com.Vizibl.Testcases.ForgetPassword"/>
  <testcase name="forgotPassword" time="4.268" classname="com.Vizibl.Testcases.ForgetPassword"/>
  <testcase name="forgotPassword" time="4.818" classname="com.Vizibl.Testcases.ForgetPassword"/>
</testsuite> <!-- com.Vizibl.Testcases.ForgetPassword -->
