<?xml version="1.0" encoding="UTF-8"?>
<!-- Generated by org.testng.reporters.JUnitReportReporter -->
<testsuite hostname="Srinivas" name="com.Vizibl.Testcases.asserterror" tests="1" failures="0" timestamp="16 Feb 2018 11:19:00 GMT" time="28.374" errors="0">
  <testcase name="test1" time="28.374" classname="com.Vizibl.Testcases.asserterror"/>
</testsuite> <!-- com.Vizibl.Testcases.asserterror -->
