<?xml version="1.0" encoding="UTF-8"?>
<!-- Generated by org.testng.reporters.JUnitReportReporter -->
<testsuite hostname="Srinivas" name="com.Vizibl.Testcases.ChangePassword" tests="7" failures="0" timestamp="13 Feb 2018 06:09:32 GMT" time="53.243" errors="0">
  <testcase name="changePassword" time="4.148" classname="com.Vizibl.Testcases.ChangePassword"/>
  <testcase name="validChangePassword" time="26.849" classname="com.Vizibl.Testcases.ChangePassword"/>
  <testcase name="changePassword" time="5.748" classname="com.Vizibl.Testcases.ChangePassword"/>
  <testcase name="changePassword" time="4.321" classname="com.Vizibl.Testcases.ChangePassword"/>
  <testcase name="changePassword" time="4.102" classname="com.Vizibl.Testcases.ChangePassword"/>
  <testcase name="changePassword" time="4.029" classname="com.Vizibl.Testcases.ChangePassword"/>
  <testcase name="changePassword" time="4.046" classname="com.Vizibl.Testcases.ChangePassword"/>
</testsuite> <!-- com.Vizibl.Testcases.ChangePassword -->
