<?xml version="1.0" encoding="UTF-8"?>
<!-- Generated by org.testng.reporters.JUnitReportReporter -->
<testsuite hostname="Srinivas" name="com.Vizibl.Testcases.Registration" tests="4" failures="0" timestamp="12 Feb 2018 12:27:07 GMT" time="69.509" errors="0">
  <testcase name="advertiserRegistration" time="12.486" classname="com.Vizibl.Testcases.Registration"/>
  <testcase name="advertiserRegistration" time="11.218" classname="com.Vizibl.Testcases.Registration"/>
  <testcase name="advertiserRegistration" time="34.446" classname="com.Vizibl.Testcases.Registration"/>
  <testcase name="advertiserRegistration" time="11.359" classname="com.Vizibl.Testcases.Registration"/>
</testsuite> <!-- com.Vizibl.Testcases.Registration -->
