<?xml version="1.0" encoding="UTF-8"?>
<!-- Generated by org.testng.reporters.JUnitReportReporter -->
<testsuite hostname="Srinivas" name="com.Vizibl.Testcases.ForgetPassword" tests="4" failures="0" timestamp="9 Feb 2018 06:08:13 GMT" time="19.931" errors="0">
  <testcase name="validForgetPassword" time="5.407" classname="com.Vizibl.Testcases.ForgetPassword"/>
  <testcase name="invalidForgetPassword" time="4.599" classname="com.Vizibl.Testcases.ForgetPassword"/>
  <testcase name="invalidForgetPassword" time="4.861" classname="com.Vizibl.Testcases.ForgetPassword"/>
  <testcase name="invalidForgetPassword" time="5.064" classname="com.Vizibl.Testcases.ForgetPassword"/>
</testsuite> <!-- com.Vizibl.Testcases.ForgetPassword -->
