<?xml version="1.0" encoding="UTF-8"?>
<!-- Generated by org.testng.reporters.JUnitReportReporter -->
<testsuite hostname="Srinivas" name="com.Vizibl.Testcases.LoginPage" tests="4" failures="0" timestamp="12 Feb 2018 12:23:53 GMT" time="27.256" errors="0">
  <testcase name="adminLogin" time="8.330" classname="com.Vizibl.Testcases.LoginPage"/>
  <testcase name="adminLogin" time="8.657" classname="com.Vizibl.Testcases.LoginPage"/>
  <testcase name="adminLogin" time="4.639" classname="com.Vizibl.Testcases.LoginPage"/>
  <testcase name="adminLogin" time="5.630" classname="com.Vizibl.Testcases.LoginPage"/>
</testsuite> <!-- com.Vizibl.Testcases.LoginPage -->
