<?xml version="1.0" encoding="UTF-8"?>
<!-- Generated by org.testng.reporters.JUnitReportReporter -->
<testsuite hostname="Srinivas" name="com.Vizibl.Testcases.ChangePassword" tests="1" failures="0" timestamp="8 Feb 2018 13:29:25 GMT" time="1.777" errors="0">
  <testcase name="validChangePassword" time="1.777" classname="com.Vizibl.Testcases.ChangePassword"/>
</testsuite> <!-- com.Vizibl.Testcases.ChangePassword -->
