<?xml version="1.0" encoding="UTF-8"?>
<!-- Generated by org.testng.reporters.JUnitReportReporter -->
<testsuite hostname="Srinivas" name="com.Vizibl.ui.Registration" tests="2" failures="0" timestamp="13 Feb 2018 06:09:32 GMT" time="1.343" errors="0">
  <testcase name="selectCountry" time="0.655" classname="com.Vizibl.ui.Registration"/>
  <testcase name="clienttype" time="0.688" classname="com.Vizibl.ui.Registration"/>
</testsuite> <!-- com.Vizibl.ui.Registration -->
