<?xml version="1.0" encoding="UTF-8"?>
<!-- Generated by org.testng.reporters.JUnitReportReporter -->
<testsuite hostname="Srinivas" name="com.Vizibl.Testcases.LoginPage" tests="1" failures="0" timestamp="6 Feb 2018 11:24:21 GMT" time="6.905" errors="0">
  <testcase name="rememberMe" time="6.905" classname="com.Vizibl.Testcases.LoginPage"/>
</testsuite> <!-- com.Vizibl.Testcases.LoginPage -->
