<?xml version="1.0" encoding="UTF-8"?>
<!-- Generated by org.testng.reporters.JUnitReportReporter -->
<testsuite hostname="Srinivas" name="com.Vizibl.Testcases.Registration" tests="5" failures="0" timestamp="1 Feb 2018 14:13:49 GMT" time="42.197" errors="0">
  <testcase name="advertiserRegistration" time="8.930" classname="com.Vizibl.Testcases.Registration"/>
  <testcase name="advertiserRegistration" time="7.107" classname="com.Vizibl.Testcases.Registration"/>
  <testcase name="advertiserRegistration" time="9.891" classname="com.Vizibl.Testcases.Registration"/>
  <testcase name="advertiserRegistration" time="8.329" classname="com.Vizibl.Testcases.Registration"/>
  <testcase name="advertiserRegistration" time="7.940" classname="com.Vizibl.Testcases.Registration"/>
</testsuite> <!-- com.Vizibl.Testcases.Registration -->
