<?xml version="1.0" encoding="UTF-8"?>
<!-- Generated by org.testng.reporters.JUnitReportReporter -->
<testsuite hostname="Srinivas" failures="0" tests="2" name="ViziblAdmin.Testcases.ChangePassword" time="4.162" errors="0" timestamp="16 Jan 2018 11:33:31 GMT">
  <testcase classname="ViziblAdmin.Testcases.ChangePassword" name="changePassword" time="2.572"/>
  <testcase classname="ViziblAdmin.Testcases.ChangePassword" name="changePassword" time="1.590"/>
</testsuite> <!-- ViziblAdmin.Testcases.ChangePassword -->
