<?xml version="1.0" encoding="UTF-8"?>
<!-- Generated by org.testng.reporters.JUnitReportReporter -->
<testsuite hostname="Srinivas" name="com.Vizibl.Testcases.LoginPage" tests="5" failures="0" timestamp="13 Feb 2018 06:09:32 GMT" time="34.706" errors="0">
  <testcase name="adminLogin" time="9.737" classname="com.Vizibl.Testcases.LoginPage"/>
  <testcase name="adminLogin" time="4.808" classname="com.Vizibl.Testcases.LoginPage"/>
  <testcase name="rememberMe" time="5.612" classname="com.Vizibl.Testcases.LoginPage"/>
  <testcase name="adminLogin" time="5.941" classname="com.Vizibl.Testcases.LoginPage"/>
  <testcase name="adminLogin" time="8.608" classname="com.Vizibl.Testcases.LoginPage"/>
</testsuite> <!-- com.Vizibl.Testcases.LoginPage -->
