<?xml version="1.0" encoding="UTF-8"?>
<!-- Generated by org.testng.reporters.JUnitReportReporter -->
<testsuite hostname="Srinivas" name="com.Vizibl.Testcases.Registration" tests="1" failures="0" timestamp="8 Feb 2018 08:29:45 GMT" time="0.501" errors="0">
  <testcase name="clienttype" time="0.501" classname="com.Vizibl.Testcases.Registration"/>
</testsuite> <!-- com.Vizibl.Testcases.Registration -->
