<?xml version="1.0" encoding="UTF-8"?>
<!-- Generated by org.testng.reporters.JUnitReportReporter -->
<testsuite hostname="Srinivas" name="com.Vizibl.Testcases.ForgetPassword" tests="3" failures="0" timestamp="12 Feb 2018 12:20:12 GMT" time="15.321" errors="0">
  <testcase name="invalidForgetPassword" time="4.948" classname="com.Vizibl.Testcases.ForgetPassword"/>
  <testcase name="invalidForgetPassword" time="5.565" classname="com.Vizibl.Testcases.ForgetPassword"/>
  <testcase name="invalidForgetPassword" time="4.808" classname="com.Vizibl.Testcases.ForgetPassword"/>
</testsuite> <!-- com.Vizibl.Testcases.ForgetPassword -->
