<?xml version="1.0" encoding="UTF-8"?>
<!-- Generated by org.testng.reporters.JUnitReportReporter -->
<testsuite hostname="Srinivas" name="com.Vizibl.Testcases.ForgetPassword_AfterChangingPassword" tests="1" failures="0" timestamp="8 Feb 2018 18:39:29 GMT" time="25.430" errors="0">
  <testcase name="forgetPassword_AfterChangingPassword" time="25.430" classname="com.Vizibl.Testcases.ForgetPassword_AfterChangingPassword"/>
</testsuite> <!-- com.Vizibl.Testcases.ForgetPassword_AfterChangingPassword -->
