<?xml version="1.0" encoding="UTF-8"?>
<!-- Generated by org.testng.reporters.JUnitReportReporter -->
<testsuite hostname="Srinivas" name="com.Vizibl.Testcases.LoginPage" tests="4" failures="0" timestamp="31 Jan 2018 18:02:57 GMT" time="27.736" errors="0">
  <testcase name="adminLogin" time="5.570" classname="com.Vizibl.Testcases.LoginPage"/>
  <testcase name="adminLogin" time="5.038" classname="com.Vizibl.Testcases.LoginPage"/>
  <testcase name="adminLogin" time="7.955" classname="com.Vizibl.Testcases.LoginPage"/>
  <testcase name="adminLogin" time="9.173" classname="com.Vizibl.Testcases.LoginPage"/>
</testsuite> <!-- com.Vizibl.Testcases.LoginPage -->
