<?xml version="1.0" encoding="UTF-8"?>
<!-- Generated by org.testng.reporters.JUnitReportReporter -->
<testsuite hostname="Srinivas" name="com.Vizibl.ui.Registration" tests="1" failures="0" timestamp="8 Feb 2018 10:21:42 GMT" time="1.622" errors="0">
  <testcase name="selectCountry" time="1.622" classname="com.Vizibl.ui.Registration"/>
</testsuite> <!-- com.Vizibl.ui.Registration -->
