<?xml version="1.0" encoding="UTF-8"?>
<!-- Generated by org.testng.reporters.JUnitReportReporter -->
<testsuite hostname="Srinivas" failures="0" tests="3" name="ViziblAdmin.Testcases.ForgetPassword" time="12.386" errors="0" timestamp="16 Jan 2018 11:33:31 GMT">
  <testcase classname="ViziblAdmin.Testcases.ForgetPassword" name="forgotPassword" time="3.998"/>
  <testcase classname="ViziblAdmin.Testcases.ForgetPassword" name="forgotPassword" time="4.314"/>
  <testcase classname="ViziblAdmin.Testcases.ForgetPassword" name="forgotPassword" time="4.074"/>
</testsuite> <!-- ViziblAdmin.Testcases.ForgetPassword -->
