<?xml version="1.0" encoding="UTF-8"?>
<!-- Generated by org.testng.reporters.JUnitReportReporter -->
<testsuite hostname="Srinivas" failures="0" tests="1" name="ViziblAdmin.Testcases.CreateAdvertiser" time="0.187" errors="0" timestamp="16 Jan 2018 11:11:43 GMT">
  <testcase classname="ViziblAdmin.Testcases.CreateAdvertiser" name="creatingNewAdvertiser" time="0.187"/>
</testsuite> <!-- ViziblAdmin.Testcases.CreateAdvertiser -->
