<?xml version="1.0" encoding="UTF-8"?>
<!-- Generated by org.testng.reporters.JUnitReportReporter -->
<testsuite hostname="Srinivas" name="com.Vizibl.Testcases.LoginPage" tests="6" failures="0" timestamp="31 Jan 2018 09:38:19 GMT" time="33.050" errors="0">
  <testcase name="adminLogin" time="4.034" classname="com.Vizibl.Testcases.LoginPage"/>
  <testcase name="adminLogin" time="6.526" classname="com.Vizibl.Testcases.LoginPage"/>
  <testcase name="adminLogin" time="7.732" classname="com.Vizibl.Testcases.LoginPage"/>
  <testcase name="adminLogin" time="4.676" classname="com.Vizibl.Testcases.LoginPage"/>
  <testcase name="adminLogin" time="4.703" classname="com.Vizibl.Testcases.LoginPage"/>
  <testcase name="validLogin" time="5.379" classname="com.Vizibl.Testcases.LoginPage"/>
</testsuite> <!-- com.Vizibl.Testcases.LoginPage -->
