<?xml version="1.0" encoding="UTF-8"?>
<!-- Generated by org.testng.reporters.JUnitReportReporter -->
<testsuite hostname="Srinivas" name="com.Vizibl.Testcases.LoginPage" tests="5" failures="0" timestamp="8 Feb 2018 18:39:29 GMT" time="51.926" errors="0">
  <testcase name="adminLogin" time="14.356" classname="com.Vizibl.Testcases.LoginPage"/>
  <testcase name="adminLogin" time="6.921" classname="com.Vizibl.Testcases.LoginPage"/>
  <testcase name="rememberMe" time="9.993" classname="com.Vizibl.Testcases.LoginPage"/>
  <testcase name="adminLogin" time="8.088" classname="com.Vizibl.Testcases.LoginPage"/>
  <testcase name="adminLogin" time="12.568" classname="com.Vizibl.Testcases.LoginPage"/>
</testsuite> <!-- com.Vizibl.Testcases.LoginPage -->
