<?xml version="1.0" encoding="UTF-8"?>
<!-- Generated by org.testng.reporters.JUnitReportReporter -->
<testsuite hostname="Srinivas" name="com.Vizibl.Testcases.Testcase" tests="4" failures="0" timestamp="22 Feb 2018 13:52:39 GMT" time="12.725" errors="0">
  <testcase name="testLogin" time="1.796" classname="com.Vizibl.Testcases.Testcase"/>
  <testcase name="testLogin" time="2.171" classname="com.Vizibl.Testcases.Testcase"/>
  <testcase name="testLogin" time="4.747" classname="com.Vizibl.Testcases.Testcase"/>
  <testcase name="testLogin" time="4.011" classname="com.Vizibl.Testcases.Testcase"/>
</testsuite> <!-- com.Vizibl.Testcases.Testcase -->
