<?xml version="1.0" encoding="UTF-8"?>
<!-- Generated by org.testng.reporters.JUnitReportReporter -->
<testsuite hostname="Srinivas" name="com.Vizibl.Testcases.ForgetPassword_AfterChangingPassword" tests="2" failures="0" timestamp="6 Feb 2018 06:23:17 GMT" time="27.946" errors="0">
  <testcase name="forgetPassword_AfterChangingPassword" time="15.970" classname="com.Vizibl.Testcases.ForgetPassword_AfterChangingPassword"/>
  <testcase name="forgetPassword_AfterChangingPassword" time="11.976" classname="com.Vizibl.Testcases.ForgetPassword_AfterChangingPassword"/>
</testsuite> <!-- com.Vizibl.Testcases.ForgetPassword_AfterChangingPassword -->
