<?xml version="1.0" encoding="UTF-8"?>
<!-- Generated by org.testng.reporters.JUnitReportReporter -->
<testsuite hostname="Srinivas" name="com.Vizibl.Testcases.ForgetPassword" tests="4" failures="0" timestamp="13 Feb 2018 06:09:32 GMT" time="21.260" errors="0">
  <testcase name="invalidForgetPassword" time="4.465" classname="com.Vizibl.Testcases.ForgetPassword"/>
  <testcase name="invalidForgetPassword" time="4.808" classname="com.Vizibl.Testcases.ForgetPassword"/>
  <testcase name="validForgetPassword" time="7.219" classname="com.Vizibl.Testcases.ForgetPassword"/>
  <testcase name="invalidForgetPassword" time="4.768" classname="com.Vizibl.Testcases.ForgetPassword"/>
</testsuite> <!-- com.Vizibl.Testcases.ForgetPassword -->
