<?xml version="1.0" encoding="UTF-8"?>
<!-- Generated by org.testng.reporters.JUnitReportReporter -->
<testsuite hostname="Srinivas" name="com.Vizibl.ui.Registration" tests="2" failures="0" timestamp="9 Feb 2018 12:45:44 GMT" time="1.536" errors="0">
  <testcase name="clienttype" time="0.798" classname="com.Vizibl.ui.Registration"/>
  <testcase name="selectCountry" time="0.738" classname="com.Vizibl.ui.Registration"/>
</testsuite> <!-- com.Vizibl.ui.Registration -->
