<?xml version="1.0" encoding="UTF-8"?>
<!-- Generated by org.testng.reporters.JUnitReportReporter -->
<testsuite hostname="Srinivas" name="com.Vizibl.Testcases.ChangePassword" tests="7" failures="0" timestamp="12 Feb 2018 12:34:17 GMT" time="55.727" errors="0">
  <testcase name="validChangePassword" time="27.706" classname="com.Vizibl.Testcases.ChangePassword"/>
  <testcase name="changePassword" time="4.441" classname="com.Vizibl.Testcases.ChangePassword"/>
  <testcase name="changePassword" time="4.475" classname="com.Vizibl.Testcases.ChangePassword"/>
  <testcase name="changePassword" time="6.131" classname="com.Vizibl.Testcases.ChangePassword"/>
  <testcase name="changePassword" time="4.450" classname="com.Vizibl.Testcases.ChangePassword"/>
  <testcase name="changePassword" time="4.128" classname="com.Vizibl.Testcases.ChangePassword"/>
  <testcase name="changePassword" time="4.396" classname="com.Vizibl.Testcases.ChangePassword"/>
</testsuite> <!-- com.Vizibl.Testcases.ChangePassword -->
