<?xml version="1.0" encoding="UTF-8"?>
<!-- Generated by org.testng.reporters.JUnitReportReporter -->
<testsuite hostname="Srinivas" failures="0" tests="5" name="ViziblAdmin.Testcases.LoginPage" time="0.253" errors="0" timestamp="17 Jan 2018 08:27:49 GMT">
  <testcase classname="ViziblAdmin.Testcases.LoginPage" name="invalidLogin" time="0.033"/>
  <testcase classname="ViziblAdmin.Testcases.LoginPage" name="invalidLogin" time="0.095"/>
  <testcase classname="ViziblAdmin.Testcases.LoginPage" name="invalidLogin" time="0.046"/>
  <testcase classname="ViziblAdmin.Testcases.LoginPage" name="invalidLogin" time="0.034"/>
  <testcase classname="ViziblAdmin.Testcases.LoginPage" name="invalidLogin" time="0.045"/>
</testsuite> <!-- ViziblAdmin.Testcases.LoginPage -->
